This is pdfTeX, Version 3.1415926-2.3-1.40.12 (TeX Live 2011) (format=pdflatex 2013.12.17)  15 SEP 2014 16:09
entering extended mode
 restricted \write18 enabled.
 %&-line parsing enabled.
**admin_guide
(./admin_guide.tex
LaTeX2e <2009/09/24>
Babel <v3.8l> and hyphenation patterns for english, dumylang, nohyphenation, ge
rman-x-2009-06-19, ngerman-x-2009-06-19, afrikaans, ancientgreek, ibycus, arabi
c, armenian, basque, bulgarian, catalan, pinyin, coptic, croatian, czech, danis
h, dutch, ukenglish, usenglishmax, esperanto, estonian, ethiopic, farsi, finnis
h, french, galician, german, ngerman, swissgerman, monogreek, greek, hungarian,
 icelandic, assamese, bengali, gujarati, hindi, kannada, malayalam, marathi, or
iya, panjabi, tamil, telugu, indonesian, interlingua, irish, italian, kurmanji,
 lao, latin, latvian, lithuanian, mongolian, mongolianlmc, bokmal, nynorsk, pol
ish, portuguese, romanian, russian, sanskrit, serbian, serbianc, slovak, sloven
ian, spanish, swedish, turkish, turkmen, ukrainian, uppersorbian, welsh, loaded
.
(/usr/share/texmf/tex/latex/base/article.cls
Document Class: article 2007/10/19 v1.4h Standard LaTeX document class
(/usr/share/texmf/tex/latex/base/size12.clo
File: size12.clo 2007/10/19 v1.4h Standard LaTeX file (size option)
)
\c@part=\count79
\c@section=\count80
\c@subsection=\count81
\c@subsubsection=\count82
\c@paragraph=\count83
\c@subparagraph=\count84
\c@figure=\count85
\c@table=\count86
\abovecaptionskip=\skip41
\belowcaptionskip=\skip42
\bibindent=\dimen102
)
(/usr/share/texmf/tex/latex/geometry/geometry.sty
Package: geometry 2010/09/12 v5.6 Page Geometry

(/usr/share/texmf/tex/latex/graphics/keyval.sty
Package: keyval 1999/03/16 v1.13 key=value parser (DPC)
\KV@toks@=\toks14
)
(/usr/share/texmf/tex/generic/oberdiek/ifpdf.sty
Package: ifpdf 2011/01/30 v2.3 Provides the ifpdf switch (HO)
Package ifpdf Info: pdfTeX in PDF mode is detected.
)
(/usr/share/texmf/tex/generic/oberdiek/ifvtex.sty
Package: ifvtex 2010/03/01 v1.5 Switches for detecting VTeX and its modes (HO)
Package ifvtex Info: VTeX not detected.
)
(/usr/share/texmf/tex/generic/ifxetex/ifxetex.sty
Package: ifxetex 2010/09/12 v0.6 Provides ifxetex conditional
)
\Gm@cnth=\count87
\Gm@cntv=\count88
\c@Gm@tempcnt=\count89
\Gm@bindingoffset=\dimen103
\Gm@wd@mp=\dimen104
\Gm@odd@mp=\dimen105
\Gm@even@mp=\dimen106
\Gm@layoutwidth=\dimen107
\Gm@layoutheight=\dimen108
\Gm@layouthoffset=\dimen109
\Gm@layoutvoffset=\dimen110
\Gm@dimlist=\toks15
)
(/usr/share/texmf/tex/latex/base/fontenc.sty
Package: fontenc 2005/09/27 v1.99g Standard LaTeX package

(/usr/share/texmf/tex/latex/base/ot1enc.def
File: ot1enc.def 2005/09/27 v1.99g Standard LaTeX file
LaTeX Font Info:    Redeclaring font encoding OT1 on input line 43.
))
(/usr/share/texmf/tex/latex/base/textcomp.sty
Package: textcomp 2005/09/27 v1.99g Standard LaTeX package
Package textcomp Info: Sub-encoding information:
(textcomp)               5 = only ISO-Adobe without \textcurrency
(textcomp)               4 = 5 + \texteuro
(textcomp)               3 = 4 + \textohm
(textcomp)               2 = 3 + \textestimated + \textcurrency
(textcomp)               1 = TS1 - \textcircled - \t
(textcomp)               0 = TS1 (full)
(textcomp)             Font families with sub-encoding setting implement
(textcomp)             only a restricted character set as indicated.
(textcomp)             Family '?' is the default used for unknown fonts.
(textcomp)             See the documentation for details.
Package textcomp Info: Setting ? sub-encoding to TS1/1 on input line 71.

(/usr/share/texmf/tex/latex/base/ts1enc.def
File: ts1enc.def 2001/06/05 v3.0e (jk/car/fm) Standard LaTeX file
)
LaTeX Info: Redefining \oldstylenums on input line 266.
Package textcomp Info: Setting cmr sub-encoding to TS1/0 on input line 281.
Package textcomp Info: Setting cmss sub-encoding to TS1/0 on input line 282.
Package textcomp Info: Setting cmtt sub-encoding to TS1/0 on input line 283.
Package textcomp Info: Setting cmvtt sub-encoding to TS1/0 on input line 284.
Package textcomp Info: Setting cmbr sub-encoding to TS1/0 on input line 285.
Package textcomp Info: Setting cmtl sub-encoding to TS1/0 on input line 286.
Package textcomp Info: Setting ccr sub-encoding to TS1/0 on input line 287.
Package textcomp Info: Setting ptm sub-encoding to TS1/4 on input line 288.
Package textcomp Info: Setting pcr sub-encoding to TS1/4 on input line 289.
Package textcomp Info: Setting phv sub-encoding to TS1/4 on input line 290.
Package textcomp Info: Setting ppl sub-encoding to TS1/3 on input line 291.
Package textcomp Info: Setting pag sub-encoding to TS1/4 on input line 292.
Package textcomp Info: Setting pbk sub-encoding to TS1/4 on input line 293.
Package textcomp Info: Setting pnc sub-encoding to TS1/4 on input line 294.
Package textcomp Info: Setting pzc sub-encoding to TS1/4 on input line 295.
Package textcomp Info: Setting bch sub-encoding to TS1/4 on input line 296.
Package textcomp Info: Setting put sub-encoding to TS1/5 on input line 297.
Package textcomp Info: Setting uag sub-encoding to TS1/5 on input line 298.
Package textcomp Info: Setting ugq sub-encoding to TS1/5 on input line 299.
Package textcomp Info: Setting ul8 sub-encoding to TS1/4 on input line 300.
Package textcomp Info: Setting ul9 sub-encoding to TS1/4 on input line 301.
Package textcomp Info: Setting augie sub-encoding to TS1/5 on input line 302.
Package textcomp Info: Setting dayrom sub-encoding to TS1/3 on input line 303.
Package textcomp Info: Setting dayroms sub-encoding to TS1/3 on input line 304.

Package textcomp Info: Setting pxr sub-encoding to TS1/0 on input line 305.
Package textcomp Info: Setting pxss sub-encoding to TS1/0 on input line 306.
Package textcomp Info: Setting pxtt sub-encoding to TS1/0 on input line 307.
Package textcomp Info: Setting txr sub-encoding to TS1/0 on input line 308.
Package textcomp Info: Setting txss sub-encoding to TS1/0 on input line 309.
Package textcomp Info: Setting txtt sub-encoding to TS1/0 on input line 310.
Package textcomp Info: Setting futs sub-encoding to TS1/4 on input line 311.
Package textcomp Info: Setting futx sub-encoding to TS1/4 on input line 312.
Package textcomp Info: Setting futj sub-encoding to TS1/4 on input line 313.
Package textcomp Info: Setting hlh sub-encoding to TS1/3 on input line 314.
Package textcomp Info: Setting hls sub-encoding to TS1/3 on input line 315.
Package textcomp Info: Setting hlst sub-encoding to TS1/3 on input line 316.
Package textcomp Info: Setting hlct sub-encoding to TS1/5 on input line 317.
Package textcomp Info: Setting hlx sub-encoding to TS1/5 on input line 318.
Package textcomp Info: Setting hlce sub-encoding to TS1/5 on input line 319.
Package textcomp Info: Setting hlcn sub-encoding to TS1/5 on input line 320.
Package textcomp Info: Setting hlcw sub-encoding to TS1/5 on input line 321.
Package textcomp Info: Setting hlcf sub-encoding to TS1/5 on input line 322.
Package textcomp Info: Setting pplx sub-encoding to TS1/3 on input line 323.
Package textcomp Info: Setting pplj sub-encoding to TS1/3 on input line 324.
Package textcomp Info: Setting ptmx sub-encoding to TS1/4 on input line 325.
Package textcomp Info: Setting ptmj sub-encoding to TS1/4 on input line 326.
)
(/usr/share/texmf/tex/latex/psnfss/helvet.sty
Package: helvet 2005/04/12 PSNFSS-v9.2a (WaS) 
)
(/usr/local/share/texmf/tex/latex/mtpro2/mtpro2.sty
Package: mtpro2 2006/05/03 v1.1 MathTimePro II font support (PCTeX/WaS)
LaTeX Font Info:    Try loading font information for OT1+ptm on input line 79.

(/usr/share/texmf/tex/latex/psnfss/ot1ptm.fd
File: ot1ptm.fd 2001/06/04 font definitions for OT1/ptm.
)
\c@mv@heavy=\count90
LaTeX Font Info:    Redeclaring symbol font `operators' on input line 103.
LaTeX Font Info:    Overwriting symbol font `operators' in version `normal'
(Font)                  OT1/cmr/m/n --> OT1/ptm/m/n on input line 103.
LaTeX Font Info:    Overwriting symbol font `operators' in version `bold'
(Font)                  OT1/cmr/bx/n --> OT1/ptm/m/n on input line 103.
LaTeX Font Info:    Overwriting symbol font `operators' in version `heavy'
(Font)                  OT1/cmr/m/n --> OT1/ptm/m/n on input line 103.
LaTeX Font Info:    Redeclaring symbol font `letters' on input line 104.
LaTeX Font Info:    Encoding `OML' has changed to `LMP1' for symbol font
(Font)              `letters' in the math version `normal' on input line 104.
LaTeX Font Info:    Overwriting symbol font `letters' in version `normal'
(Font)                  OML/cmm/m/it --> LMP1/mtt/m/it on input line 104.
LaTeX Font Info:    Encoding `OML' has changed to `LMP1' for symbol font
(Font)              `letters' in the math version `bold' on input line 104.
LaTeX Font Info:    Overwriting symbol font `letters' in version `bold'
(Font)                  OML/cmm/b/it --> LMP1/mtt/m/it on input line 104.
LaTeX Font Info:    Encoding `OML' has changed to `LMP1' for symbol font
(Font)              `letters' in the math version `heavy' on input line 104.
LaTeX Font Info:    Overwriting symbol font `letters' in version `heavy'
(Font)                  OML/cmm/m/it --> LMP1/mtt/m/it on input line 104.
LaTeX Font Info:    Redeclaring symbol font `symbols' on input line 105.
LaTeX Font Info:    Encoding `OMS' has changed to `LMP2' for symbol font
(Font)              `symbols' in the math version `normal' on input line 105.
LaTeX Font Info:    Overwriting symbol font `symbols' in version `normal'
(Font)                  OMS/cmsy/m/n --> LMP2/mtt/m/n on input line 105.
LaTeX Font Info:    Encoding `OMS' has changed to `LMP2' for symbol font
(Font)              `symbols' in the math version `bold' on input line 105.
LaTeX Font Info:    Overwriting symbol font `symbols' in version `bold'
(Font)                  OMS/cmsy/b/n --> LMP2/mtt/m/n on input line 105.
LaTeX Font Info:    Encoding `OMS' has changed to `LMP2' for symbol font
(Font)              `symbols' in the math version `heavy' on input line 105.
LaTeX Font Info:    Overwriting symbol font `symbols' in version `heavy'
(Font)                  OMS/cmsy/m/n --> LMP2/mtt/m/n on input line 105.
LaTeX Font Info:    Redeclaring symbol font `largesymbols' on input line 106.
LaTeX Font Info:    Encoding `OMX' has changed to `LMP3' for symbol font
(Font)              `largesymbols' in the math version `normal' on input line 1
06.
LaTeX Font Info:    Overwriting symbol font `largesymbols' in version `normal'
(Font)                  OMX/cmex/m/n --> LMP3/mtt/m/n on input line 106.
LaTeX Font Info:    Encoding `OMX' has changed to `LMP3' for symbol font
(Font)              `largesymbols' in the math version `bold' on input line 106
.
LaTeX Font Info:    Overwriting symbol font `largesymbols' in version `bold'
(Font)                  OMX/cmex/m/n --> LMP3/mtt/m/n on input line 106.
LaTeX Font Info:    Encoding `OMX' has changed to `LMP3' for symbol font
(Font)              `largesymbols' in the math version `heavy' on input line 10
6.
LaTeX Font Info:    Overwriting symbol font `largesymbols' in version `heavy'
(Font)                  OMX/cmex/m/n --> LMP3/mtt/m/n on input line 106.
LaTeX Font Info:    Overwriting symbol font `operators' in version `bold'
(Font)                  OT1/ptm/m/n --> OT1/ptm/b/n on input line 108.
LaTeX Font Info:    Overwriting symbol font `letters' in version `bold'
(Font)                  LMP1/mtt/m/it --> LMP1/mtt/b/it on input line 109.
LaTeX Font Info:    Overwriting symbol font `symbols' in version `bold'
(Font)                  LMP2/mtt/m/n --> LMP2/mtt/b/n on input line 110.
LaTeX Font Info:    Overwriting symbol font `largesymbols' in version `bold'
(Font)                  LMP3/mtt/m/n --> LMP3/mtt/b/n on input line 111.
LaTeX Font Info:    Overwriting symbol font `symbols' in version `heavy'
(Font)                  LMP2/mtt/m/n --> LMP2/mtt/eb/n on input line 112.
LaTeX Font Info:    Overwriting symbol font `largesymbols' in version `heavy'
(Font)                  LMP3/mtt/m/n --> LMP3/mtt/eb/n on input line 113.
\pointcount@=\count91
LaTeX Font Info:    Redeclaring math alphabet \mathbf on input line 133.
LaTeX Font Info:    Overwriting math alphabet `\mathbf' in version `normal'
(Font)                  OT1/cmr/bx/n --> OT1/ptm/b/n on input line 133.
LaTeX Font Info:    Overwriting math alphabet `\mathbf' in version `bold'
(Font)                  OT1/cmr/bx/n --> OT1/ptm/b/n on input line 133.
LaTeX Font Info:    Overwriting math alphabet `\mathbf' in version `heavy'
(Font)                  OT1/cmr/bx/n --> OT1/ptm/b/n on input line 133.
LaTeX Font Info:    Redeclaring math alphabet \mathit on input line 134.
LaTeX Font Info:    Overwriting math alphabet `\mathit' in version `normal'
(Font)                  OT1/cmr/m/it --> OT1/ptm/m/it on input line 134.
LaTeX Font Info:    Overwriting math alphabet `\mathit' in version `bold'
(Font)                  OT1/cmr/bx/it --> OT1/ptm/m/it on input line 134.
LaTeX Font Info:    Overwriting math alphabet `\mathit' in version `heavy'
(Font)                  OT1/cmr/m/it --> OT1/ptm/m/it on input line 134.
LaTeX Font Info:    Redeclaring math alphabet \mathsf on input line 135.
LaTeX Font Info:    Overwriting math alphabet `\mathsf' in version `normal'
(Font)                  OT1/cmss/m/n --> OT1/phv/m/n on input line 135.
LaTeX Font Info:    Overwriting math alphabet `\mathsf' in version `bold'
(Font)                  OT1/cmss/bx/n --> OT1/phv/m/n on input line 135.
LaTeX Font Info:    Overwriting math alphabet `\mathsf' in version `heavy'
(Font)                  OT1/cmss/m/n --> OT1/phv/m/n on input line 135.
LaTeX Font Info:    Redeclaring math alphabet \mathtt on input line 136.
LaTeX Font Info:    Overwriting math alphabet `\mathtt' in version `normal'
(Font)                  OT1/cmtt/m/n --> OT1/cmtt/m/n on input line 136.
LaTeX Font Info:    Overwriting math alphabet `\mathtt' in version `bold'
(Font)                  OT1/cmtt/m/n --> OT1/cmtt/m/n on input line 136.
LaTeX Font Info:    Overwriting math alphabet `\mathtt' in version `heavy'
(Font)                  OT1/cmtt/m/n --> OT1/cmtt/m/n on input line 136.
LaTeX Font Info:    Overwriting math alphabet `\mathit' in version `bold'
(Font)                  OT1/ptm/m/it --> OT1/ptm/b/it on input line 137.
LaTeX Font Info:    Overwriting math alphabet `\mathsf' in version `bold'
(Font)                  OT1/phv/m/n --> OT1/phv/b/n on input line 138.
LaTeX Font Info:    Overwriting math alphabet `\mathtt' in version `bold'
(Font)                  OT1/cmtt/m/n --> OT1/cmtt/b/n on input line 139.
LaTeX Font Info:    Overwriting math alphabet `\mathcal' in version `bold'
(Font)                  OMS/cmsy/m/n --> OMS/cmsy/b/n on input line 183.
LaTeX Font Info:    Redeclaring math symbol \imath on input line 211.
LaTeX Font Info:    Redeclaring math symbol \jmath on input line 212.
LaTeX Font Info:    Overwriting math alphabet `\MTPScript' in version `bold'
(Font)                  U/mt2ms/m/it --> U/mt2ms/b/it on input line 273.
LaTeX Font Info:    Overwriting math alphabet `\MTPFrak' in version `bold'
(Font)                  U/mt2mf/m/n --> U/mt2mf/b/n on input line 277.
LaTeX Font Info:    Redeclaring math symbol \alpha on input line 333.
LaTeX Font Info:    Redeclaring math symbol \beta on input line 334.
LaTeX Font Info:    Redeclaring math symbol \gamma on input line 335.
LaTeX Font Info:    Redeclaring math symbol \delta on input line 336.
LaTeX Font Info:    Redeclaring math symbol \epsilon on input line 337.
LaTeX Font Info:    Redeclaring math symbol \zeta on input line 338.
LaTeX Font Info:    Redeclaring math symbol \eta on input line 339.
LaTeX Font Info:    Redeclaring math symbol \theta on input line 340.
LaTeX Font Info:    Redeclaring math symbol \iota on input line 341.
LaTeX Font Info:    Redeclaring math symbol \kappa on input line 342.
LaTeX Font Info:    Redeclaring math symbol \lambda on input line 343.
LaTeX Font Info:    Redeclaring math symbol \mu on input line 344.
LaTeX Font Info:    Redeclaring math symbol \nu on input line 345.
LaTeX Font Info:    Redeclaring math symbol \xi on input line 346.
LaTeX Font Info:    Redeclaring math symbol \pi on input line 347.
LaTeX Font Info:    Redeclaring math symbol \rho on input line 348.
LaTeX Font Info:    Redeclaring math symbol \sigma on input line 349.
LaTeX Font Info:    Redeclaring math symbol \tau on input line 350.
LaTeX Font Info:    Redeclaring math symbol \upsilon on input line 351.
LaTeX Font Info:    Redeclaring math symbol \phi on input line 352.
LaTeX Font Info:    Redeclaring math symbol \chi on input line 353.
LaTeX Font Info:    Redeclaring math symbol \psi on input line 354.
LaTeX Font Info:    Redeclaring math symbol \omega on input line 355.
LaTeX Font Info:    Redeclaring math symbol \varepsilon on input line 356.
LaTeX Font Info:    Redeclaring math symbol \vartheta on input line 357.
LaTeX Font Info:    Redeclaring math symbol \varpi on input line 358.
LaTeX Font Info:    Redeclaring math symbol \varrho on input line 359.
LaTeX Font Info:    Redeclaring math symbol \varsigma on input line 360.
LaTeX Font Info:    Redeclaring math symbol \varphi on input line 361.
LaTeX Font Info:    Redeclaring math symbol \Delta on input line 386.
LaTeX Font Info:    Redeclaring math symbol \Theta on input line 387.
LaTeX Font Info:    Redeclaring math symbol \Lambda on input line 388.
LaTeX Font Info:    Redeclaring math symbol \Xi on input line 389.
LaTeX Font Info:    Redeclaring math symbol \Pi on input line 390.
LaTeX Font Info:    Redeclaring math symbol \Sigma on input line 391.
LaTeX Font Info:    Redeclaring math symbol \Upsilon on input line 392.
LaTeX Font Info:    Redeclaring math symbol \Phi on input line 393.
LaTeX Font Info:    Redeclaring math symbol \Psi on input line 394.
LaTeX Font Info:    Redeclaring math symbol \Omega on input line 395.
LaTeX Font Info:    Redeclaring math symbol \triangleleft on input line 440.
LaTeX Font Info:    Redeclaring math symbol \triangleright on input line 441.
LaTeX Font Info:    Redeclaring math symbol \ddagger on input line 442.
LaTeX Font Info:    Redeclaring math symbol \dagger on input line 443.
LaTeX Font Info:    Redeclaring math symbol \ldotp on input line 446.
LaTeX Font Info:    Redeclaring math accent \vec on input line 457.
LaTeX Font Info:    Redeclaring math accent \grave on input line 458.
LaTeX Font Info:    Redeclaring math accent \acute on input line 459.
LaTeX Font Info:    Redeclaring math accent \check on input line 460.
LaTeX Font Info:    Redeclaring math accent \breve on input line 461.
LaTeX Font Info:    Redeclaring math accent \bar on input line 462.
LaTeX Font Info:    Redeclaring math accent \hat on input line 463.
LaTeX Font Info:    Redeclaring math accent \dot on input line 464.
LaTeX Font Info:    Redeclaring math accent \tilde on input line 465.
LaTeX Font Info:    Redeclaring math accent \ddot on input line 466.
LaTeX Font Info:    Redeclaring math accent \mathring on input line 467.
LaTeX Font Info:    Redeclaring math symbol \braceld on input line 468.
LaTeX Font Info:    Redeclaring math symbol \bracerd on input line 469.
LaTeX Font Info:    Redeclaring math symbol \bracelu on input line 470.
LaTeX Font Info:    Redeclaring math symbol \braceru on input line 471.
LaTeX Font Info:    Redeclaring math symbol \mathparagraph on input line 472.
LaTeX Font Info:    Redeclaring math symbol \mathsection on input line 473.
LaTeX Font Info:    Redeclaring math symbol \hbar on input line 517.
\prePbox@=\box26
\Pbox@=\box27
\LRbox@=\box28
\HATbox@=\box29
\TDbox@=\box30
\CHbox@=\box31
\preSbox@=\box32
\Sbox@=\box33
\SQcount@=\count92
\SQRTbox@=\box34
\UPROOT@=\count93
\LEFTROOT@=\count94
\limtype@=\count95
\xlfont@=\count96
\xlposition@=\count97
\xlposition@ii=\count98
\optype@=\count99
\x@count=\count100
\maxXLscripts@=\dimen111
\symAMSa=\mathgroup4
LaTeX Font Info:    Overwriting symbol font `AMSa' in version `bold'
(Font)                  U/mt2sya/m/n --> U/mt2sya/b/n on input line 1247.
LaTeX Font Info:    Overwriting symbol font `AMSa' in version `heavy'
(Font)                  U/mt2sya/m/n --> U/mt2sya/eb/n on input line 1248.
LaTeX Font Info:    Redeclaring math symbol \npreceq on input line 1415.
LaTeX Font Info:    Redeclaring math symbol \nsucceq on input line 1416.
LaTeX Font Info:    Redeclaring math symbol \nsubseteq on input line 1442.
LaTeX Font Info:    Redeclaring math symbol \nsupseteq on input line 1443.
)
(/usr/local/share/texmf/tex/latex/titlesec/titlesec.sty
Package: titlesec 2007/08/12 v2.8 Sectioning titles
\ttl@box=\box35
\beforetitleunit=\skip43
\aftertitleunit=\skip44
\ttl@plus=\dimen112
\ttl@minus=\dimen113
\ttl@toksa=\toks16
\titlewidth=\dimen114
\titlewidthlast=\dimen115
\titlewidthfirst=\dimen116
)
(/usr/local/share/texmf/tex/latex/caption/caption.sty
Package: caption 2008/08/24 v3.1j Customizing captions (AR)

(/usr/local/share/texmf/tex/latex/caption/caption3.sty
Package: caption3 2008/08/24 v3.1j caption3 kernel (AR)
\captionmargin=\dimen117
\captionmargin@=\dimen118
\captionwidth=\dimen119
\caption@indent=\dimen120
\caption@parindent=\dimen121
\caption@hangindent=\dimen122
)
\c@ContinuedFloat=\count101
)
(/usr/share/texmf/tex/latex/fancybox/fancybox.sty
Package: fancybox 2010/05/15 1.4

Style option: `fancybox' v1.4 <2010/05/15> (tvz)
\@fancybox=\box36
\shadowsize=\dimen123
\@Sbox=\box37
\do@VerbBox=\toks17
\the@fancyput=\toks18
\this@fancyput=\toks19
\EndVerbatimTokens=\toks20
\Verbatim@Outfile=\write3
\Verbatim@Infile=\read1
) (/usr/share/texmf/tex/latex/tools/enumerate.sty
Package: enumerate 1999/03/05 v3.00 enumerate extensions (DPC)
\@enLab=\toks21
)
(/usr/share/texmf/tex/latex/fancyhdr/fancyhdr.sty
\fancy@headwidth=\skip45
\f@ncyO@elh=\skip46
\f@ncyO@erh=\skip47
\f@ncyO@olh=\skip48
\f@ncyO@orh=\skip49
\f@ncyO@elf=\skip50
\f@ncyO@erf=\skip51
\f@ncyO@olf=\skip52
\f@ncyO@orf=\skip53
)
(/usr/share/texmf/tex/latex/rotating/rotating.sty
Package: rotating 2009/03/28 v2.16a rotated objects in LaTeX

(/usr/share/texmf/tex/latex/graphics/graphicx.sty
Package: graphicx 1999/02/16 v1.0f Enhanced LaTeX Graphics (DPC,SPQR)

(/usr/share/texmf/tex/latex/graphics/graphics.sty
Package: graphics 2009/02/05 v1.0o Standard LaTeX Graphics (DPC,SPQR)

(/usr/share/texmf/tex/latex/graphics/trig.sty
Package: trig 1999/03/16 v1.09 sin cos tan (DPC)
)
(/usr/share/texmf/tex/latex/latexconfig/graphics.cfg
File: graphics.cfg 2010/04/23 v1.9 graphics configuration of TeX Live
)
Package graphics Info: Driver file: pdftex.def on input line 91.

(/usr/share/texmf/tex/latex/pdftex-def/pdftex.def
File: pdftex.def 2011/05/27 v0.06d Graphics/color for pdfTeX

(/usr/share/texmf/tex/generic/oberdiek/infwarerr.sty
Package: infwarerr 2010/04/08 v1.3 Providing info/warning/message (HO)
)
(/usr/share/texmf/tex/generic/oberdiek/ltxcmds.sty
Package: ltxcmds 2011/04/18 v1.20 LaTeX kernel commands for general use (HO)
)
\Gread@gobject=\count102
))
\Gin@req@height=\dimen124
\Gin@req@width=\dimen125
)
(/usr/share/texmf/tex/latex/base/ifthen.sty
Package: ifthen 2001/05/26 v1.1c Standard LaTeX ifthen package (DPC)
)
\c@r@tfl@t=\count103
\rotFPtop=\skip54
\rotFPbot=\skip55
\rot@float@box=\box38
\rot@mess@toks=\toks22
)
(/usr/local/share/texmf/tex/latex/picins/picins.sty
Option `picins' Version 3.0 Sep. 1992, TH Darmstadt/HRZ
\@BILD=\box39
\@TEXT=\box40
\d@breite=\dimen126
\d@hoehe=\dimen127
\d@xoff=\dimen128
\d@yoff=\dimen129
\d@shad=\dimen130
\d@dash=\dimen131
\d@boxl=\dimen132
\d@pichskip=\dimen133
\d@tmp=\dimen134
\d@tmpa=\dimen135
\d@bskip=\dimen136
\hsiz@=\dimen137
\p@getot@l=\dimen138
\c@breite=\count104
\c@hoehe=\count105
\c@xoff=\count106
\c@yoff=\count107
\c@pos=\count108
\c@shad=\count109
\c@dash=\count110
\c@boxl=\count111
\c@zeilen=\count112
\@changemode=\count113
\c@piccaption=\count114
\c@piccaptionpos=\count115
\c@picpos=\count116
\c@whole=\count117
\c@half=\count118
\c@tmp=\count119
\c@tmpa=\count120
\c@tmpb=\count121
\c@tmpc=\count122
\c@tmpd=\count123
\d@leftskip=\skip56
\ptoti=\dimen139
\ptotii=\dimen140
\env@box=\box41
\d@envdp=\dimen141
\c@hsize=\count124
\c@envdp=\count125
\d@envb=\dimen142
)
(/usr/share/texmf/tex/latex/footmisc/footmisc.sty
Package: footmisc 2009/09/15 v5.5a a miscellany of footnote facilities
\FN@temptoken=\toks23
\footnotemargin=\dimen143
\c@pp@next@reset=\count126
\c@@fnserial=\count127
Package footmisc Info: Declaring symbol style bringhurst on input line 855.
Package footmisc Info: Declaring symbol style chicago on input line 863.
Package footmisc Info: Declaring symbol style wiley on input line 872.
Package footmisc Info: Declaring symbol style lamport-robust on input line 883.

Package footmisc Info: Declaring symbol style lamport* on input line 903.
Package footmisc Info: Declaring symbol style lamport*-robust on input line 924
.
)
(/usr/local/share/texmf/tex/latex/pgf/frontendlayer/tikz.sty
(/usr/local/share/texmf/tex/latex/pgf/basiclayer/pgf.sty
(/usr/local/share/texmf/tex/latex/pgf/utilities/pgfrcs.sty
(/usr/local/share/texmf/tex/generic/pgf/utilities/pgfutil-common.tex
\pgfutil@everybye=\toks24
)
(/usr/local/share/texmf/tex/generic/pgf/utilities/pgfutil-latex.def
\pgfutil@abb=\box42

(/usr/share/texmf/tex/latex/ms/everyshi.sty
Package: everyshi 2001/05/15 v3.00 EveryShipout Package (MS)
))
(/usr/local/share/texmf/tex/generic/pgf/utilities/pgfrcs.code.tex
Package: pgfrcs 2010/10/25 v2.10 (rcs-revision 1.24)
))
Package: pgf 2008/01/15 v2.10 (rcs-revision 1.12)

(/usr/local/share/texmf/tex/latex/pgf/basiclayer/pgfcore.sty
(/usr/local/share/texmf/tex/latex/pgf/systemlayer/pgfsys.sty
(/usr/local/share/texmf/tex/generic/pgf/systemlayer/pgfsys.code.tex
Package: pgfsys 2010/06/30 v2.10 (rcs-revision 1.37)

(/usr/local/share/texmf/tex/generic/pgf/utilities/pgfkeys.code.tex
\pgfkeys@pathtoks=\toks25
\pgfkeys@temptoks=\toks26

(/usr/local/share/texmf/tex/generic/pgf/utilities/pgfkeysfiltered.code.tex
\pgfkeys@tmptoks=\toks27
))
\pgf@x=\dimen144
\pgf@y=\dimen145
\pgf@xa=\dimen146
\pgf@ya=\dimen147
\pgf@xb=\dimen148
\pgf@yb=\dimen149
\pgf@xc=\dimen150
\pgf@yc=\dimen151
\w@pgf@writea=\write4
\r@pgf@reada=\read2
\c@pgf@counta=\count128
\c@pgf@countb=\count129
\c@pgf@countc=\count130
\c@pgf@countd=\count131

(/usr/local/share/texmf/tex/generic/pgf/systemlayer/pgf.cfg
File: pgf.cfg 2008/05/14  (rcs-revision 1.7)
)
Package pgfsys Info: Driver file for pgf: pgfsys-pdftex.def on input line 900.

(/usr/local/share/texmf/tex/generic/pgf/systemlayer/pgfsys-pdftex.def
File: pgfsys-pdftex.def 2009/05/22  (rcs-revision 1.26)

(/usr/local/share/texmf/tex/generic/pgf/systemlayer/pgfsys-common-pdf.def
File: pgfsys-common-pdf.def 2008/05/19  (rcs-revision 1.10)
)))
(/usr/local/share/texmf/tex/generic/pgf/systemlayer/pgfsyssoftpath.code.tex
File: pgfsyssoftpath.code.tex 2008/07/18  (rcs-revision 1.7)
\pgfsyssoftpath@smallbuffer@items=\count132
\pgfsyssoftpath@bigbuffer@items=\count133
)
(/usr/local/share/texmf/tex/generic/pgf/systemlayer/pgfsysprotocol.code.tex
File: pgfsysprotocol.code.tex 2006/10/16  (rcs-revision 1.4)
))
(/usr/local/share/texmf/tex/latex/xcolor/xcolor.sty
Package: xcolor 2004/07/04 v2.00 LaTeX color extensions (UK)

(/usr/share/texmf/tex/latex/latexconfig/color.cfg
File: color.cfg 2007/01/18 v1.5 color configuration of teTeX/TeXLive
)
Package xcolor Info: Driver file: pdftex.def on input line 136.
Package xcolor Info: Color model `cmy' added on input line 972.
Package xcolor Info: Color model `hsb' added on input line 980.
Package xcolor Info: Color model `HTML' added on input line 1000.
Package xcolor Info: Color model `HSB' added on input line 1006.
Package xcolor Info: Color model `Gray' added on input line 1012.
)
(/usr/local/share/texmf/tex/generic/pgf/basiclayer/pgfcore.code.tex
Package: pgfcore 2010/04/11 v2.10 (rcs-revision 1.7)

(/usr/local/share/texmf/tex/generic/pgf/math/pgfmath.code.tex
(/usr/local/share/texmf/tex/generic/pgf/math/pgfmathcalc.code.tex
(/usr/local/share/texmf/tex/generic/pgf/math/pgfmathutil.code.tex)
(/usr/local/share/texmf/tex/generic/pgf/math/pgfmathparser.code.tex
\pgfmath@dimen=\dimen152
\pgfmath@count=\count134
\pgfmath@box=\box43
\pgfmath@toks=\toks28
\pgfmath@stack@operand=\toks29
\pgfmath@stack@operation=\toks30
)
(/usr/local/share/texmf/tex/generic/pgf/math/pgfmathfunctions.code.tex
(/usr/local/share/texmf/tex/generic/pgf/math/pgfmathfunctions.basic.code.tex)
(/usr/local/share/texmf/tex/generic/pgf/math/pgfmathfunctions.trigonometric.cod
e.tex)
(/usr/local/share/texmf/tex/generic/pgf/math/pgfmathfunctions.random.code.tex)
(/usr/local/share/texmf/tex/generic/pgf/math/pgfmathfunctions.comparison.code.t
ex) (/usr/local/share/texmf/tex/generic/pgf/math/pgfmathfunctions.base.code.tex
) (/usr/local/share/texmf/tex/generic/pgf/math/pgfmathfunctions.round.code.tex)
(/usr/local/share/texmf/tex/generic/pgf/math/pgfmathfunctions.misc.code.tex)))
(/usr/local/share/texmf/tex/generic/pgf/math/pgfmathfloat.code.tex
\c@pgfmathroundto@lastzeros=\count135
))
(/usr/local/share/texmf/tex/generic/pgf/basiclayer/pgfcorepoints.code.tex
File: pgfcorepoints.code.tex 2010/04/09  (rcs-revision 1.20)
\pgf@picminx=\dimen153
\pgf@picmaxx=\dimen154
\pgf@picminy=\dimen155
\pgf@picmaxy=\dimen156
\pgf@pathminx=\dimen157
\pgf@pathmaxx=\dimen158
\pgf@pathminy=\dimen159
\pgf@pathmaxy=\dimen160
\pgf@xx=\dimen161
\pgf@xy=\dimen162
\pgf@yx=\dimen163
\pgf@yy=\dimen164
\pgf@zx=\dimen165
\pgf@zy=\dimen166
)
(/usr/local/share/texmf/tex/generic/pgf/basiclayer/pgfcorepathconstruct.code.te
x
File: pgfcorepathconstruct.code.tex 2010/08/03  (rcs-revision 1.24)
\pgf@path@lastx=\dimen167
\pgf@path@lasty=\dimen168
) (/usr/local/share/texmf/tex/generic/pgf/basiclayer/pgfcorepathusage.code.tex
File: pgfcorepathusage.code.tex 2008/04/22  (rcs-revision 1.12)
\pgf@shorten@end@additional=\dimen169
\pgf@shorten@start@additional=\dimen170
) (/usr/local/share/texmf/tex/generic/pgf/basiclayer/pgfcorescopes.code.tex
File: pgfcorescopes.code.tex 2010/09/08  (rcs-revision 1.34)
\pgfpic=\box44
\pgf@hbox=\box45
\pgf@layerbox@main=\box46
\pgf@picture@serial@count=\count136
)
(/usr/local/share/texmf/tex/generic/pgf/basiclayer/pgfcoregraphicstate.code.tex
File: pgfcoregraphicstate.code.tex 2008/04/22  (rcs-revision 1.9)
\pgflinewidth=\dimen171
)
(/usr/local/share/texmf/tex/generic/pgf/basiclayer/pgfcoretransformations.code.
tex
File: pgfcoretransformations.code.tex 2009/06/10  (rcs-revision 1.11)
\pgf@pt@x=\dimen172
\pgf@pt@y=\dimen173
\pgf@pt@temp=\dimen174
) (/usr/local/share/texmf/tex/generic/pgf/basiclayer/pgfcorequick.code.tex
File: pgfcorequick.code.tex 2008/10/09  (rcs-revision 1.3)
)
(/usr/local/share/texmf/tex/generic/pgf/basiclayer/pgfcoreobjects.code.tex
File: pgfcoreobjects.code.tex 2006/10/11  (rcs-revision 1.2)
)
(/usr/local/share/texmf/tex/generic/pgf/basiclayer/pgfcorepathprocessing.code.t
ex
File: pgfcorepathprocessing.code.tex 2008/10/09  (rcs-revision 1.8)
) (/usr/local/share/texmf/tex/generic/pgf/basiclayer/pgfcorearrows.code.tex
File: pgfcorearrows.code.tex 2008/04/23  (rcs-revision 1.11)
)
(/usr/local/share/texmf/tex/generic/pgf/basiclayer/pgfcoreshade.code.tex
File: pgfcoreshade.code.tex 2008/11/23  (rcs-revision 1.13)
\pgf@max=\dimen175
\pgf@sys@shading@range@num=\count137
)
(/usr/local/share/texmf/tex/generic/pgf/basiclayer/pgfcoreimage.code.tex
File: pgfcoreimage.code.tex 2010/03/25  (rcs-revision 1.16)

(/usr/local/share/texmf/tex/generic/pgf/basiclayer/pgfcoreexternal.code.tex
File: pgfcoreexternal.code.tex 2010/09/01  (rcs-revision 1.17)
\pgfexternal@startupbox=\box47
))
(/usr/local/share/texmf/tex/generic/pgf/basiclayer/pgfcorelayers.code.tex
File: pgfcorelayers.code.tex 2010/08/27  (rcs-revision 1.2)
)
(/usr/local/share/texmf/tex/generic/pgf/basiclayer/pgfcoretransparency.code.tex
File: pgfcoretransparency.code.tex 2008/01/17  (rcs-revision 1.2)
) (/usr/local/share/texmf/tex/generic/pgf/basiclayer/pgfcorepatterns.code.tex
File: pgfcorepatterns.code.tex 2009/07/02  (rcs-revision 1.3)
))) (/usr/local/share/texmf/tex/generic/pgf/modules/pgfmoduleshapes.code.tex
File: pgfmoduleshapes.code.tex 2010/09/09  (rcs-revision 1.13)
\pgfnodeparttextbox=\box48
)
(/usr/local/share/texmf/tex/generic/pgf/modules/pgfmoduleplot.code.tex
File: pgfmoduleplot.code.tex 2010/10/22  (rcs-revision 1.8)
)
(/usr/local/share/texmf/tex/latex/pgf/compatibility/pgfcomp-version-0-65.sty
Package: pgfcomp-version-0-65 2007/07/03 v2.10 (rcs-revision 1.7)
\pgf@nodesepstart=\dimen176
\pgf@nodesepend=\dimen177
)
(/usr/local/share/texmf/tex/latex/pgf/compatibility/pgfcomp-version-1-18.sty
Package: pgfcomp-version-1-18 2007/07/23 v2.10 (rcs-revision 1.1)
))
(/usr/local/share/texmf/tex/latex/pgf/utilities/pgffor.sty
(/usr/local/share/texmf/tex/latex/pgf/utilities/pgfkeys.sty
(/usr/local/share/texmf/tex/generic/pgf/utilities/pgfkeys.code.tex))
(/usr/local/share/texmf/tex/generic/pgf/utilities/pgffor.code.tex
Package: pgffor 2010/03/23 v2.10 (rcs-revision 1.18)
\pgffor@iter=\dimen178
\pgffor@skip=\dimen179
\pgffor@stack=\toks31
\pgffor@toks=\toks32
))
(/usr/local/share/texmf/tex/generic/pgf/frontendlayer/tikz/tikz.code.tex
Package: tikz 2010/10/13 v2.10 (rcs-revision 1.76)

(/usr/local/share/texmf/tex/generic/pgf/libraries/pgflibraryplothandlers.code.t
ex
File: pgflibraryplothandlers.code.tex 2010/05/31 v2.10 (rcs-revision 1.15)
\pgf@plot@mark@count=\count138
\pgfplotmarksize=\dimen180
)
\tikz@lastx=\dimen181
\tikz@lasty=\dimen182
\tikz@lastxsaved=\dimen183
\tikz@lastysaved=\dimen184
\tikzleveldistance=\dimen185
\tikzsiblingdistance=\dimen186
\tikz@figbox=\box49
\tikz@tempbox=\box50
\tikztreelevel=\count139
\tikznumberofchildren=\count140
\tikznumberofcurrentchild=\count141
\tikz@fig@count=\count142
 (/usr/local/share/texmf/tex/generic/pgf/modules/pgfmodulematrix.code.tex
File: pgfmodulematrix.code.tex 2010/08/24  (rcs-revision 1.4)
\pgfmatrixcurrentrow=\count143
\pgfmatrixcurrentcolumn=\count144
\pgf@matrix@numberofcolumns=\count145
)
\tikz@expandcount=\count146

(/usr/local/share/texmf/tex/generic/pgf/frontendlayer/tikz/libraries/tikzlibrar
ytopaths.code.tex
File: tikzlibrarytopaths.code.tex 2008/06/17 v2.10 (rcs-revision 1.2)
))) (./example.sty

LaTeX Warning: You have requested package `example',
               but the package provides `exmplbox'.

Package: exmplbox 2011/04/29 v0.9 (JPH)

(/usr/local/share/texmf/tex/generic/pgf/frontendlayer/tikz/libraries/tikzlibrar
yshapes.code.tex
File: tikzlibraryshapes.code.tex 2008/01/09 v2.10 (rcs-revision 1.1)

(/usr/local/share/texmf/tex/generic/pgf/frontendlayer/tikz/libraries/tikzlibrar
yshapes.geometric.code.tex
File: tikzlibraryshapes.geometric.code.tex 2008/01/09 v2.10 (rcs-revision 1.1)

(/usr/local/share/texmf/tex/generic/pgf/libraries/shapes/pgflibraryshapes.geome
tric.code.tex
File: pgflibraryshapes.geometric.code.tex 2008/06/26 v2.10 (rcs-revision 1.1)
))
(/usr/local/share/texmf/tex/generic/pgf/frontendlayer/tikz/libraries/tikzlibrar
yshapes.misc.code.tex
File: tikzlibraryshapes.misc.code.tex 2008/01/09 v2.10 (rcs-revision 1.1)

(/usr/local/share/texmf/tex/generic/pgf/libraries/shapes/pgflibraryshapes.misc.
code.tex
File: pgflibraryshapes.misc.code.tex 2008/10/07 v2.10 (rcs-revision 1.3)
))
(/usr/local/share/texmf/tex/generic/pgf/frontendlayer/tikz/libraries/tikzlibrar
yshapes.symbols.code.tex
File: tikzlibraryshapes.symbols.code.tex 2008/01/09 v2.10 (rcs-revision 1.1)

(/usr/local/share/texmf/tex/generic/pgf/libraries/shapes/pgflibraryshapes.symbo
ls.code.tex
File: pgflibraryshapes.symbols.code.tex 2009/10/27 v2.10 (rcs-revision 1.3)
))
(/usr/local/share/texmf/tex/generic/pgf/frontendlayer/tikz/libraries/tikzlibrar
yshapes.arrows.code.tex
File: tikzlibraryshapes.arrows.code.tex 2008/01/09 v2.10 (rcs-revision 1.1)

(/usr/local/share/texmf/tex/generic/pgf/libraries/shapes/pgflibraryshapes.arrow
s.code.tex
File: pgflibraryshapes.arrows.code.tex 2008/06/26 v2.10 (rcs-revision 1.1)
))
(/usr/local/share/texmf/tex/generic/pgf/frontendlayer/tikz/libraries/tikzlibrar
yshapes.callouts.code.tex
(/usr/local/share/texmf/tex/generic/pgf/libraries/shapes/pgflibraryshapes.callo
uts.code.tex))
(/usr/local/share/texmf/tex/generic/pgf/frontendlayer/tikz/libraries/tikzlibrar
yshapes.multipart.code.tex
File: tikzlibraryshapes.multipart.code.tex 2008/01/09 v2.10 (rcs-revision 1.1)

(/usr/local/share/texmf/tex/generic/pgf/libraries/shapes/pgflibraryshapes.multi
part.code.tex
File: pgflibraryshapes.multipart.code.tex 2010/01/07 v2.10 (rcs-revision 1.2)
\pgfnodepartlowerbox=\box51
\pgfnodeparttwobox=\box52
\pgfnodepartthreebox=\box53
\pgfnodepartfourbox=\box54
\pgfnodeparttwentybox=\box55
\pgfnodepartnineteenbox=\box56
\pgfnodeparteighteenbox=\box57
\pgfnodepartseventeenbox=\box58
\pgfnodepartsixteenbox=\box59
\pgfnodepartfifteenbox=\box60
\pgfnodepartfourteenbox=\box61
\pgfnodepartthirteenbox=\box62
\pgfnodeparttwelvebox=\box63
\pgfnodepartelevenbox=\box64
\pgfnodeparttenbox=\box65
\pgfnodepartninebox=\box66
\pgfnodeparteightbox=\box67
\pgfnodepartsevenbox=\box68
\pgfnodepartsixbox=\box69
\pgfnodepartfivebox=\box70
)))
(/usr/local/share/texmf/tex/generic/pgf/frontendlayer/tikz/libraries/tikzlibrar
ydecorations.code.tex
(/usr/local/share/texmf/tex/generic/pgf/modules/pgfmoduledecorations.code.tex
\pgfdecoratedcompleteddistance=\dimen187
\pgfdecoratedremainingdistance=\dimen188
\pgfdecoratedinputsegmentcompleteddistance=\dimen189
\pgfdecoratedinputsegmentremainingdistance=\dimen190
\pgf@decorate@distancetomove=\dimen191
\pgf@decorate@repeatstate=\count147
\pgfdecorationsegmentamplitude=\dimen192
\pgfdecorationsegmentlength=\dimen193
)
\tikz@lib@dec@box=\box71
)
\c@exmplcnt=\count148
) (/usr/share/texmf/tex/latex/cite/cite.sty
LaTeX Info: Redefining \cite on input line 302.
LaTeX Info: Redefining \nocite on input line 373.
Package: cite 2010/09/10  v 5.3
LaTeX Info: Redefining \cite on input line 464.
)
(/usr/local/share/texmf/tex/generic/pgf/frontendlayer/tikz/libraries/tikzlibrar
yarrows.code.tex
File: tikzlibraryarrows.code.tex 2008/01/09 v2.10 (rcs-revision 1.1)

(/usr/local/share/texmf/tex/generic/pgf/libraries/pgflibraryarrows.code.tex
File: pgflibraryarrows.code.tex 2008/10/27 v2.10 (rcs-revision 1.9)
\arrowsize=\dimen194
))
(/usr/local/share/texmf/tex/generic/pgf/frontendlayer/tikz/libraries/tikzlibrar
ytrees.code.tex
File: tikzlibrarytrees.code.tex 2008/02/24 v2.10 (rcs-revision 1.2)
) (/usr/share/texmf/tex/latex/hyperref/hyperref.sty
Package: hyperref 2011/04/17 v6.82g Hypertext links for LaTeX

(/usr/share/texmf/tex/generic/oberdiek/hobsub-hyperref.sty
Package: hobsub-hyperref 2011/04/23 v1.4 Bundle oberdiek, subset hyperref (HO)

(/usr/share/texmf/tex/generic/oberdiek/hobsub-generic.sty
Package: hobsub-generic 2011/04/23 v1.4 Bundle oberdiek, subset generic (HO)
Package: hobsub 2011/04/23 v1.4 Subsetting bundle oberdiek (HO)
Package hobsub Info: Skipping package `infwarerr' (already loaded).
Package hobsub Info: Skipping package `ltxcmds' (already loaded).
Package: ifluatex 2010/03/01 v1.3 Provides the ifluatex switch (HO)
Package ifluatex Info: LuaTeX not detected.
Package hobsub Info: Skipping package `ifvtex' (already loaded).
Package: intcalc 2007/09/27 v1.1 Expandable integer calculations (HO)
Package hobsub Info: Skipping package `ifpdf' (already loaded).
Package: etexcmds 2011/02/16 v1.5 Prefix for e-TeX command names (HO)
Package etexcmds Info: Could not find \expanded.
(etexcmds)             That can mean that you are not using pdfTeX 1.50 or
(etexcmds)             that some package has redefined \expanded.
(etexcmds)             In the latter case, load this package earlier.
Package: kvsetkeys 2011/04/07 v1.13 Key value parser (HO)
Package: kvdefinekeys 2011/04/07 v1.3 Defining keys (HO)
Package: pdftexcmds 2011/04/22 v0.16 Utilities of pdfTeX for LuaTeX (HO)
Package pdftexcmds Info: LuaTeX not detected.
Package pdftexcmds Info: \pdf@primitive is available.
Package pdftexcmds Info: \pdf@ifprimitive is available.
Package pdftexcmds Info: \pdfdraftmode found.
Package: pdfescape 2011/04/04 v1.12 Provides string conversions (HO)
Package: bigintcalc 2011/01/30 v1.2 Expandable big integer calculations (HO)
Package: bitset 2011/01/30 v1.1 Data type bit set (HO)
Package: uniquecounter 2011/01/30 v1.2 Provides unlimited unique counter (HO)
)
Package hobsub Info: Skipping package `hobsub' (already loaded).
Package: letltxmacro 2010/09/02 v1.4 Let assignment for LaTeX macros (HO)
Package: hopatch 2011/01/30 v1.0 Wrapper for package hooks (HO)
Package: xcolor-patch 2011/01/30 xcolor patch
Package: atveryend 2011/04/23 v1.7 Hooks at very end of document (HO)
Package atveryend Info: \enddocument detected (standard).
Package: atbegshi 2011/01/30 v1.15 At begin shipout hook (HO)
Package: refcount 2010/12/01 v3.2 Data extraction from references (HO)
Package: hycolor 2011/01/30 v1.7 Color options of hyperref/bookmark (HO)
)
(/usr/share/texmf/tex/latex/oberdiek/kvoptions.sty
Package: kvoptions 2010/12/23 v3.10 Keyval support for LaTeX options (HO)
)
\@linkdim=\dimen195
\Hy@linkcounter=\count149
\Hy@pagecounter=\count150

(/usr/share/texmf/tex/latex/hyperref/pd1enc.def
File: pd1enc.def 2011/04/17 v6.82g Hyperref: PDFDocEncoding definition (HO)
)
\Hy@SavedSpaceFactor=\count151

(/usr/share/texmf/tex/latex/latexconfig/hyperref.cfg
File: hyperref.cfg 2002/06/06 v1.2 hyperref configuration of TeXLive
)
Package hyperref Info: Hyper figures OFF on input line 4026.
Package hyperref Info: Link nesting OFF on input line 4031.
Package hyperref Info: Hyper index ON on input line 4034.
Package hyperref Info: Plain pages OFF on input line 4041.
Package hyperref Info: Backreferencing OFF on input line 4046.
Package hyperref Info: Implicit mode ON; LaTeX internals redefined.
Package hyperref Info: Bookmarks ON on input line 4264.
\c@Hy@tempcnt=\count152

(/usr/local/share/texmf/tex/latex/misc/url.sty
\Urlmuskip=\muskip10
Package: url 2003/11/24  ver 3.0  Verb mode for urls, etc.
)
LaTeX Info: Redefining \url on input line 4617.
\Fld@menulength=\count153
\Field@Width=\dimen196
\Fld@charsize=\dimen197
Package hyperref Info: Hyper figures OFF on input line 5701.
Package hyperref Info: Link nesting OFF on input line 5706.
Package hyperref Info: Hyper index ON on input line 5709.
Package hyperref Info: backreferencing OFF on input line 5716.
Package hyperref Info: Link coloring OFF on input line 5721.
Package hyperref Info: Link coloring with OCG OFF on input line 5726.
Package hyperref Info: PDF/A mode OFF on input line 5731.
LaTeX Info: Redefining \ref on input line 5771.
LaTeX Info: Redefining \pageref on input line 5775.
\Hy@abspage=\count154
\c@Item=\count155
\c@Hfootnote=\count156
)

Package hyperref Message: Driver: hpdftex.

(/usr/share/texmf/tex/latex/hyperref/hpdftex.def
File: hpdftex.def 2011/04/17 v6.82g Hyperref driver for pdfTeX
\Fld@listcount=\count157
\c@bookmark@seq@number=\count158

(/usr/share/texmf/tex/latex/oberdiek/rerunfilecheck.sty
Package: rerunfilecheck 2011/04/15 v1.7 Rerun checks for auxiliary files (HO)
Package uniquecounter Info: New unique counter `rerunfilecheck' on input line 2
82.
)
\Hy@SectionHShift=\skip57
) (./admin_guide.aux)
\openout1 = `admin_guide.aux'.

LaTeX Font Info:    Checking defaults for OML/cmm/m/it on input line 60.
LaTeX Font Info:    ... okay on input line 60.
LaTeX Font Info:    Checking defaults for T1/cmr/m/n on input line 60.
LaTeX Font Info:    ... okay on input line 60.
LaTeX Font Info:    Checking defaults for OT1/cmr/m/n on input line 60.
LaTeX Font Info:    ... okay on input line 60.
LaTeX Font Info:    Checking defaults for OMS/cmsy/m/n on input line 60.
LaTeX Font Info:    ... okay on input line 60.
LaTeX Font Info:    Checking defaults for OMX/cmex/m/n on input line 60.
LaTeX Font Info:    ... okay on input line 60.
LaTeX Font Info:    Checking defaults for U/cmr/m/n on input line 60.
LaTeX Font Info:    ... okay on input line 60.
LaTeX Font Info:    Checking defaults for TS1/cmr/m/n on input line 60.
LaTeX Font Info:    Try loading font information for TS1+cmr on input line 60.

(/usr/share/texmf/tex/latex/base/ts1cmr.fd
File: ts1cmr.fd 1999/05/25 v2.5h Standard LaTeX font definitions
)
LaTeX Font Info:    ... okay on input line 60.
LaTeX Font Info:    Checking defaults for LMP1/mtt/m/it on input line 60.
LaTeX Font Info:    ... okay on input line 60.
LaTeX Font Info:    Checking defaults for LMP2/mtt/m/n on input line 60.
LaTeX Font Info:    ... okay on input line 60.
LaTeX Font Info:    Checking defaults for LMP3/mtt/m/n on input line 60.
LaTeX Font Info:    ... okay on input line 60.
LaTeX Font Info:    Checking defaults for PD1/pdf/m/n on input line 60.
LaTeX Font Info:    ... okay on input line 60.

*geometry* driver: auto-detecting
*geometry* detected driver: pdftex
*geometry* verbose mode - [ preamble ] result:
* driver: pdftex
* paper: a4paper
* layout: <same size as paper>
* layoutoffset:(h,v)=(0.0pt,0.0pt)
* modes: twoside 
* h-part:(L,W,R)=(72.26999pt, 452.9679pt, 72.26999pt)
* v-part:(T,H,B)=(72.26999pt, 700.50687pt, 72.26999pt)
* \paperwidth=597.50787pt
* \paperheight=845.04684pt
* \textwidth=452.9679pt
* \textheight=700.50687pt
* \oddsidemargin=0.0pt
* \evensidemargin=0.0pt
* \topmargin=-37.0pt
* \headheight=12.0pt
* \headsep=25.0pt
* \topskip=12.0pt
* \footskip=30.0pt
* \marginparwidth=95.0pt
* \marginparsep=10.0pt
* \columnsep=10.0pt
* \skip\footins=10.8pt plus 4.0pt minus 2.0pt
* \hoffset=0.0pt
* \voffset=0.0pt
* \mag=1000
* \@twocolumnfalse
* \@twosidetrue
* \@mparswitchtrue
* \@reversemarginfalse
* (1in=72.27pt=25.4mm, 1cm=28.453pt)

Package caption Info: Begin \AtBeginDocument code.
Package caption Info: Incompatible package detected (regarding \@caption).
(caption)             \@caption = \long macro:#1[#2]#3->\expandafter \ifx \csna
me if@capstart\expandafter \endcsname \csname iftrue\endcsname \global \let \@c
urrentHref \hc@currentHref \else \hyper@makecurrent {\@captype }\fi \@ifundefin
ed {NR@gettitle}{\def \@currentlabelname {#2}}{\NR@gettitle {#2}}\par \addconte
ntsline {\csname ext@#1\endcsname }{#1}{\protect \numberline {\csname the#1\end
csname }{\ignorespaces #2}}\begingroup \@parboxrestore \if@minipage \@setminipa
ge \fi \normalsize \expandafter \ifx \csname if@capstart\expandafter \endcsname
 \csname iftrue\endcsname \global \@capstartfalse \@makecaption {\csname fnum@#
1\endcsname }{\ignorespaces #3}\else \@makecaption {\csname fnum@#1\endcsname }
{\ignorespaces \ifHy@nesting \expandafter \hyper@@anchor \expandafter {\@curren
tHref }{#3}\else \Hy@raisedlink {\expandafter \hyper@@anchor \expandafter {\@cu
rrentHref }{\relax }}#3\fi }\fi \par \endgroup .

Package caption Warning: \caption will not be redefined since it's already
(caption)                redefined by a document class or package which is
(caption)                unknown to the caption package.
See the caption package documentation for explanation.

Package caption Info: hyperref package is loaded.
Package caption Info: picins package is loaded.
Package caption Info: rotating package is loaded.
Package caption Info: End \AtBeginDocument code.
(/usr/share/texmf/tex/context/base/supp-pdf.mkii
[Loading MPS to PDF converter (version 2006.09.02).]
\scratchcounter=\count159
\scratchdimen=\dimen198
\scratchbox=\box72
\nofMPsegments=\count160
\nofMParguments=\count161
\everyMPshowfont=\toks33
\MPscratchCnt=\count162
\MPscratchDim=\dimen199
\MPnumerator=\count163
\makeMPintoPDFobject=\count164
\everyMPtoPDFconversion=\toks34
) (/usr/share/texmf/tex/latex/oberdiek/epstopdf-base.sty
Package: epstopdf-base 2010/02/09 v2.5 Base part for package epstopdf

(/usr/share/texmf/tex/latex/oberdiek/grfext.sty
Package: grfext 2010/08/19 v1.1 Managing graphics extensions (HO)
)
Package grfext Info: Graphics extension search list:
(grfext)             [.png,.pdf,.jpg,.mps,.jpeg,.jbig2,.jb2,.PNG,.PDF,.JPG,.JPE
G,.JBIG2,.JB2,.eps]
(grfext)             \AppendGraphicsExtensions on input line 452.

(/usr/share/texmf/tex/latex/latexconfig/epstopdf-sys.cfg
File: epstopdf-sys.cfg 2010/07/13 v1.3 Configuration of (r)epstopdf for TeX Liv
e
))
ABD: EveryShipout initializing macros
\AtBeginShipoutBox=\box73
Package hyperref Info: Link coloring OFF on input line 60.

(/usr/share/texmf/tex/latex/hyperref/nameref.sty
Package: nameref 2010/04/30 v2.40 Cross-referencing by name of section

(/usr/share/texmf/tex/generic/oberdiek/gettitlestring.sty
Package: gettitlestring 2010/12/03 v1.4 Cleanup title references (HO)
)
\c@section@level=\count165
)
LaTeX Info: Redefining \ref on input line 60.
LaTeX Info: Redefining \pageref on input line 60.
LaTeX Info: Redefining \nameref on input line 60.
 (./admin_guide.out) (./admin_guide.out)
\@outlinefile=\write5
\openout5 = `admin_guide.out'.

LaTeX Font Info:    Try loading font information for OT1+phv on input line 62.
 (/usr/share/texmf/tex/latex/psnfss/ot1phv.fd
File: ot1phv.fd 2001/06/04 scalable font definitions for OT1/phv.
)
LaTeX Font Info:    Font shape `OT1/phv/m/n' will be
(Font)              scaled to size 19.08076pt on input line 62.
LaTeX Font Info:    Font shape `OT1/phv/bx/n' in size <20.74> not available
(Font)              Font shape `OT1/phv/b/n' tried instead on input line 62.
LaTeX Font Info:    Font shape `OT1/phv/b/n' will be
(Font)              scaled to size 19.08076pt on input line 62.
LaTeX Font Info:    Font shape `OT1/phv/bx/it' in size <20.74> not available
(Font)              Font shape `OT1/phv/b/it' tried instead on input line 62.
LaTeX Font Info:    Font shape `OT1/phv/b/it' in size <20.74> not available
(Font)              Font shape `OT1/phv/b/sl' tried instead on input line 62.
LaTeX Font Info:    Font shape `OT1/phv/b/sl' will be
(Font)              scaled to size 19.08076pt on input line 62.
LaTeX Font Info:    Font shape `OT1/ptm/bx/n' in size <10.95> not available
(Font)              Font shape `OT1/ptm/b/n' tried instead on input line 62.
LaTeX Font Info:    Font shape `OT1/phv/m/n' will be
(Font)              scaled to size 11.03998pt on input line 71.
LaTeX Font Info:    Font shape `OT1/phv/bx/n' in size <12> not available
(Font)              Font shape `OT1/phv/b/n' tried instead on input line 71.
LaTeX Font Info:    Font shape `OT1/phv/b/n' will be
(Font)              scaled to size 11.03998pt on input line 71.
LaTeX Font Info:    Font shape `OT1/phv/bx/n' in size <17.28> not available
(Font)              Font shape `OT1/phv/b/n' tried instead on input line 71.
LaTeX Font Info:    Font shape `OT1/phv/b/n' will be
(Font)              scaled to size 15.89755pt on input line 71.

(./admin_guide.toc
LaTeX Font Info:    Font shape `OT1/ptm/bx/n' in size <12> not available
(Font)              Font shape `OT1/ptm/b/n' tried instead on input line 1.
 [1

{/var/lib/texmf/fonts/map/pdftex/updmap/pdftex.map

pdfTeX warning: pdflatex (file /var/lib/texmf/fonts/map/pdftex/updmap/pdftex.ma
p): fontmap entry for `cmbr10' already exists, duplicates ignored


pdfTeX warning: pdflatex (file /var/lib/texmf/fonts/map/pdftex/updmap/pdftex.ma
p): fontmap entry for `cmbr17' already exists, duplicates ignored


pdfTeX warning: pdflatex (file /var/lib/texmf/fonts/map/pdftex/updmap/pdftex.ma
p): fontmap entry for `cmbr8' already exists, duplicates ignored


pdfTeX warning: pdflatex (file /var/lib/texmf/fonts/map/pdftex/updmap/pdftex.ma
p): fontmap entry for `cmbr9' already exists, duplicates ignored


pdfTeX warning: pdflatex (file /var/lib/texmf/fonts/map/pdftex/updmap/pdftex.ma
p): fontmap entry for `cmbras10' already exists, duplicates ignored


pdfTeX warning: pdflatex (file /var/lib/texmf/fonts/map/pdftex/updmap/pdftex.ma
p): fontmap entry for `cmbras8' already exists, duplicates ignored


pdfTeX warning: pdflatex (file /var/lib/texmf/fonts/map/pdftex/updmap/pdftex.ma
p): fontmap entry for `cmbras9' already exists, duplicates ignored


pdfTeX warning: pdflatex (file /var/lib/texmf/fonts/map/pdftex/updmap/pdftex.ma
p): fontmap entry for `cmbrbs10' already exists, duplicates ignored


pdfTeX warning: pdflatex (file /var/lib/texmf/fonts/map/pdftex/updmap/pdftex.ma
p): fontmap entry for `cmbrbs8' already exists, duplicates ignored


pdfTeX warning: pdflatex (file /var/lib/texmf/fonts/map/pdftex/updmap/pdftex.ma
p): fontmap entry for `cmbrbs9' already exists, duplicates ignored


pdfTeX warning: pdflatex (file /var/lib/texmf/fonts/map/pdftex/updmap/pdftex.ma
p): fontmap entry for `cmbrbx10' already exists, duplicates ignored


pdfTeX warning: pdflatex (file /var/lib/texmf/fonts/map/pdftex/updmap/pdftex.ma
p): fontmap entry for `cmbrmb10' already exists, duplicates ignored


pdfTeX warning: pdflatex (file /var/lib/texmf/fonts/map/pdftex/updmap/pdftex.ma
p): fontmap entry for `cmbrmi10' already exists, duplicates ignored


pdfTeX warning: pdflatex (file /var/lib/texmf/fonts/map/pdftex/updmap/pdftex.ma
p): fontmap entry for `cmbrmi8' already exists, duplicates ignored


pdfTeX warning: pdflatex (file /var/lib/texmf/fonts/map/pdftex/updmap/pdftex.ma
p): fontmap entry for `cmbrmi9' already exists, duplicates ignored


pdfTeX warning: pdflatex (file /var/lib/texmf/fonts/map/pdftex/updmap/pdftex.ma
p): fontmap entry for `cmbrsl10' already exists, duplicates ignored


pdfTeX warning: pdflatex (file /var/lib/texmf/fonts/map/pdftex/updmap/pdftex.ma
p): fontmap entry for `cmbrsl17' already exists, duplicates ignored


pdfTeX warning: pdflatex (file /var/lib/texmf/fonts/map/pdftex/updmap/pdftex.ma
p): fontmap entry for `cmbrsl8' already exists, duplicates ignored


pdfTeX warning: pdflatex (file /var/lib/texmf/fonts/map/pdftex/updmap/pdftex.ma
p): fontmap entry for `cmbrsl9' already exists, duplicates ignored


pdfTeX warning: pdflatex (file /var/lib/texmf/fonts/map/pdftex/updmap/pdftex.ma
p): fontmap entry for `cmbrsy10' already exists, duplicates ignored


pdfTeX warning: pdflatex (file /var/lib/texmf/fonts/map/pdftex/updmap/pdftex.ma
p): fontmap entry for `cmbrsy8' already exists, duplicates ignored


pdfTeX warning: pdflatex (file /var/lib/texmf/fonts/map/pdftex/updmap/pdftex.ma
p): fontmap entry for `cmbrsy9' already exists, duplicates ignored


pdfTeX warning: pdflatex (file /var/lib/texmf/fonts/map/pdftex/updmap/pdftex.ma
p): fontmap entry for `cmsltl10' already exists, duplicates ignored


pdfTeX warning: pdflatex (file /var/lib/texmf/fonts/map/pdftex/updmap/pdftex.ma
p): fontmap entry for `cmtl10' already exists, duplicates ignored


pdfTeX warning: pdflatex (file /var/lib/texmf/fonts/map/pdftex/updmap/pdftex.ma
p): fontmap entry for `ebbx10' already exists, duplicates ignored


pdfTeX warning: pdflatex (file /var/lib/texmf/fonts/map/pdftex/updmap/pdftex.ma
p): fontmap entry for `ebmo10' already exists, duplicates ignored


pdfTeX warning: pdflatex (file /var/lib/texmf/fonts/map/pdftex/updmap/pdftex.ma
p): fontmap entry for `ebmo17' already exists, duplicates ignored


pdfTeX warning: pdflatex (file /var/lib/texmf/fonts/map/pdftex/updmap/pdftex.ma
p): fontmap entry for `ebmo8' already exists, duplicates ignored


pdfTeX warning: pdflatex (file /var/lib/texmf/fonts/map/pdftex/updmap/pdftex.ma
p): fontmap entry for `ebmo9' already exists, duplicates ignored


pdfTeX warning: pdflatex (file /var/lib/texmf/fonts/map/pdftex/updmap/pdftex.ma
p): fontmap entry for `ebmr10' already exists, duplicates ignored


pdfTeX warning: pdflatex (file /var/lib/texmf/fonts/map/pdftex/updmap/pdftex.ma
p): fontmap entry for `ebmr17' already exists, duplicates ignored


pdfTeX warning: pdflatex (file /var/lib/texmf/fonts/map/pdftex/updmap/pdftex.ma
p): fontmap entry for `ebmr8' already exists, duplicates ignored


pdfTeX warning: pdflatex (file /var/lib/texmf/fonts/map/pdftex/updmap/pdftex.ma
p): fontmap entry for `ebmr9' already exists, duplicates ignored


pdfTeX warning: pdflatex (file /var/lib/texmf/fonts/map/pdftex/updmap/pdftex.ma
p): fontmap entry for `ebso10' already exists, duplicates ignored


pdfTeX warning: pdflatex (file /var/lib/texmf/fonts/map/pdftex/updmap/pdftex.ma
p): fontmap entry for `ebso17' already exists, duplicates ignored


pdfTeX warning: pdflatex (file /var/lib/texmf/fonts/map/pdftex/updmap/pdftex.ma
p): fontmap entry for `ebso8' already exists, duplicates ignored


pdfTeX warning: pdflatex (file /var/lib/texmf/fonts/map/pdftex/updmap/pdftex.ma
p): fontmap entry for `ebso9' already exists, duplicates ignored


pdfTeX warning: pdflatex (file /var/lib/texmf/fonts/map/pdftex/updmap/pdftex.ma
p): fontmap entry for `ebsr10' already exists, duplicates ignored


pdfTeX warning: pdflatex (file /var/lib/texmf/fonts/map/pdftex/updmap/pdftex.ma
p): fontmap entry for `ebsr17' already exists, duplicates ignored


pdfTeX warning: pdflatex (file /var/lib/texmf/fonts/map/pdftex/updmap/pdftex.ma
p): fontmap entry for `ebsr8' already exists, duplicates ignored


pdfTeX warning: pdflatex (file /var/lib/texmf/fonts/map/pdftex/updmap/pdftex.ma
p): fontmap entry for `ebsr9' already exists, duplicates ignored


pdfTeX warning: pdflatex (file /var/lib/texmf/fonts/map/pdftex/updmap/pdftex.ma
p): fontmap entry for `ebtl10' already exists, duplicates ignored


pdfTeX warning: pdflatex (file /var/lib/texmf/fonts/map/pdftex/updmap/pdftex.ma
p): fontmap entry for `ebto10' already exists, duplicates ignored


pdfTeX warning: pdflatex (file /var/lib/texmf/fonts/map/pdftex/updmap/pdftex.ma
p): fontmap entry for `mtex' already exists, duplicates ignored


pdfTeX warning: pdflatex (file /var/lib/texmf/fonts/map/pdftex/updmap/pdftex.ma
p): fontmap entry for `mtex' already exists, duplicates ignored


pdfTeX warning: pdflatex (file /var/lib/texmf/fonts/map/pdftex/updmap/pdftex.ma
p): fontmap entry for `mtsy' already exists, duplicates ignored


pdfTeX warning: pdflatex (file /var/lib/texmf/fonts/map/pdftex/updmap/pdftex.ma
p): fontmap entry for `rmtmi' already exists, duplicates ignored


pdfTeX warning: pdflatex (file /var/lib/texmf/fonts/map/pdftex/updmap/pdftex.ma
p): fontmap entry for `tbbx10' already exists, duplicates ignored


pdfTeX warning: pdflatex (file /var/lib/texmf/fonts/map/pdftex/updmap/pdftex.ma
p): fontmap entry for `tbmo10' already exists, duplicates ignored


pdfTeX warning: pdflatex (file /var/lib/texmf/fonts/map/pdftex/updmap/pdftex.ma
p): fontmap entry for `tbmo17' already exists, duplicates ignored


pdfTeX warning: pdflatex (file /var/lib/texmf/fonts/map/pdftex/updmap/pdftex.ma
p): fontmap entry for `tbmo8' already exists, duplicates ignored


pdfTeX warning: pdflatex (file /var/lib/texmf/fonts/map/pdftex/updmap/pdftex.ma
p): fontmap entry for `tbmo9' already exists, duplicates ignored


pdfTeX warning: pdflatex (file /var/lib/texmf/fonts/map/pdftex/updmap/pdftex.ma
p): fontmap entry for `tbmr10' already exists, duplicates ignored


pdfTeX warning: pdflatex (file /var/lib/texmf/fonts/map/pdftex/updmap/pdftex.ma
p): fontmap entry for `tbmr17' already exists, duplicates ignored


pdfTeX warning: pdflatex (file /var/lib/texmf/fonts/map/pdftex/updmap/pdftex.ma
p): fontmap entry for `tbmr8' already exists, duplicates ignored


pdfTeX warning: pdflatex (file /var/lib/texmf/fonts/map/pdftex/updmap/pdftex.ma
p): fontmap entry for `tbmr9' already exists, duplicates ignored


pdfTeX warning: pdflatex (file /var/lib/texmf/fonts/map/pdftex/updmap/pdftex.ma
p): fontmap entry for `tbso10' already exists, duplicates ignored


pdfTeX warning: pdflatex (file /var/lib/texmf/fonts/map/pdftex/updmap/pdftex.ma
p): fontmap entry for `tbso17' already exists, duplicates ignored


pdfTeX warning: pdflatex (file /var/lib/texmf/fonts/map/pdftex/updmap/pdftex.ma
p): fontmap entry for `tbso8' already exists, duplicates ignored


pdfTeX warning: pdflatex (file /var/lib/texmf/fonts/map/pdftex/updmap/pdftex.ma
p): fontmap entry for `tbso9' already exists, duplicates ignored


pdfTeX warning: pdflatex (file /var/lib/texmf/fonts/map/pdftex/updmap/pdftex.ma
p): fontmap entry for `tbsr10' already exists, duplicates ignored


pdfTeX warning: pdflatex (file /var/lib/texmf/fonts/map/pdftex/updmap/pdftex.ma
p): fontmap entry for `tbsr17' already exists, duplicates ignored


pdfTeX warning: pdflatex (file /var/lib/texmf/fonts/map/pdftex/updmap/pdftex.ma
p): fontmap entry for `tbsr8' already exists, duplicates ignored


pdfTeX warning: pdflatex (file /var/lib/texmf/fonts/map/pdftex/updmap/pdftex.ma
p): fontmap entry for `tbsr9' already exists, duplicates ignored


pdfTeX warning: pdflatex (file /var/lib/texmf/fonts/map/pdftex/updmap/pdftex.ma
p): fontmap entry for `tbtl10' already exists, duplicates ignored


pdfTeX warning: pdflatex (file /var/lib/texmf/fonts/map/pdftex/updmap/pdftex.ma
p): fontmap entry for `tbto10' already exists, duplicates ignored
}])
\tf@toc=\write6
\openout6 = `admin_guide.toc'.

 (./admin_guide.lof

Package Fancyhdr Warning: \headheight is too small (12.0pt): 
 Make it at least 14.49998pt.
 We now make it that large for the rest of the document.
 This may cause the page layout to be inconsistent, however.

[2]
Overfull \hbox (48.2303pt too wide) in paragraph at lines 24--24
 \OT1/ptm/m/n/12 lines join-ing the rel-e-vant fields. Note that the ta-bles \O
T1/cmtt/m/n/12 SAMPLES[]STORES\OT1/ptm/m/n/12 , \OT1/cmtt/m/n/12 SAMPLES[]HAZAR
DS 
 []

)
\tf@lof=\write7
\openout7 = `admin_guide.lof'.

 (./admin_guide.lot)
\tf@lot=\write8
\openout8 = `admin_guide.lot'.

 [3]
LaTeX Font Info:    Font shape `OT1/phv/bx/n' in size <14.4> not available
(Font)              Font shape `OT1/phv/b/n' tried instead on input line 76.
LaTeX Font Info:    Font shape `OT1/phv/b/n' will be
(Font)              scaled to size 13.24796pt on input line 76.


LaTeX Warning: No positions in optional float specifier.
               Default added (so using `!tbp') on input line 138.

[4] [5] <homepage.png, id=341, 983.92593pt x 716.6775pt>
File: homepage.png Graphic file (type png)
 <use homepage.png>
Package pdftex.def Info: homepage.png used on input line 218.
(pdftex.def)             Requested size: 294.42636pt x 214.45813pt.
LaTeX Font Info:    Try loading font information for TS1+ptm on input line 239.


(/usr/share/texmf/tex/latex/psnfss/ts1ptm.fd
File: ts1ptm.fd 2001/06/04 font definitions for TS1/ptm.
) [6]
<show.png, id=352, 16.06pt x 16.06pt>
File: show.png Graphic file (type png)
 <use show.png>
Package pdftex.def Info: show.png used on input line 255.
(pdftex.def)             Requested size: 16.05995pt x 16.05995pt.

<edit.png, id=353, 16.06pt x 16.06pt>
File: edit.png Graphic file (type png)
 <use edit.png>
Package pdftex.def Info: edit.png used on input line 255.
(pdftex.def)             Requested size: 16.05995pt x 16.05995pt.

<delete.png, id=354, 16.06pt x 16.06pt>
File: delete.png Graphic file (type png)
 <use delete.png>
Package pdftex.def Info: delete.png used on input line 255.
(pdftex.def)             Requested size: 16.05995pt x 16.05995pt.

Underfull \hbox (badness 1406) in paragraph at lines 255--255
[]\OT1/ptm/m/n/10.95 Figure 3: |[]The
 []


Underfull \hbox (badness 1448) in paragraph at lines 255--255
\OT1/ptm/m/it/10.95 show\OT1/ptm/m/n/10.95 , \OT1/ptm/m/it/10.95 edit \OT1/ptm/
m/n/10.95 and
 []

<pageidx.png, id=357, 983.92593pt x 716.6775pt>
File: pageidx.png Graphic file (type png)
 <use pageidx.png>
Package pdftex.def Info: pageidx.png used on input line 276.
(pdftex.def)             Requested size: 294.42636pt x 214.45813pt.

<editpage.png, id=358, 414.79968pt x 545.78906pt>
File: editpage.png Graphic file (type png)
 <use editpage.png>
Package pdftex.def Info: editpage.png used on input line 282.
(pdftex.def)             Requested size: 181.18439pt x 238.39903pt.
LaTeX Font Info:    Try loading font information for LMP2+ptm on input line 285
.
LaTeX Font Info:    No file LMP2ptm.fd. on input line 285.
LaTeX Font Warning: Font shape `LMP2/ptm/m/n' undefined
(Font)              using `LMP2/mtt/m/n' instead
(Font)              for symbol `textasteriskcentered' on input line 285.
 [7 <./homepage.png> <./show.png> <./edit.png> <./delete.png>] [8 <./pageidx.pn
g> <./editpage.png>] <sampleformuser.png, id=381, 983.92593pt x 716.6775pt>
File: sampleformuser.png Graphic file (type png)

<use sampleformuser.png>
Package pdftex.def Info: sampleformuser.png used on input line 374.
(pdftex.def)             Requested size: 203.83417pt x 148.46176pt.

<sampleformadmin.png, id=382, 983.92593pt x 716.6775pt>
File: sampleformadmin.png Graphic file (type png)

<use sampleformadmin.png>
Package pdftex.def Info: sampleformadmin.png used on input line 376.
(pdftex.def)             Requested size: 203.83417pt x 148.46176pt.

<invalidfields.png, id=385, 983.92593pt x 716.6775pt>
File: invalidfields.png Graphic file (type png)
 <use invalidfields.png>
Package pdftex.def Info: invalidfields.png used on input line 415.
(pdftex.def)             Requested size: 203.83417pt x 148.46176pt.

<invalidfieldsbox.png, id=386, 304.13625pt x 200.24812pt>
File: invalidfieldsbox.png Graphic file (type png)

<use invalidfieldsbox.png>
Package pdftex.def Info: invalidfieldsbox.png used on input line 417.
(pdftex.def)             Requested size: 203.83417pt x 134.21138pt.
 [9] [10 <./sampleformuser.png> <./sampleformadmin.png> <./invalidfields.png> <
./invalidfieldsbox.png>]
<samplereceipt.pdf, id=402, 597.51233pt x 845.0471pt>
File: samplereceipt.pdf Graphic file (type pdf)
 <use samplereceipt.pdf>
Package pdftex.def Info: samplereceipt.pdf used on input line 477.
(pdftex.def)             Requested size: 407.66833pt x 576.5586pt.

<userprofile.png, id=403, 983.92593pt x 716.6775pt>
File: userprofile.png Graphic file (type png)
 <use userprofile.png>
Package pdftex.def Info: userprofile.png used on input line 488.
(pdftex.def)             Requested size: 294.42636pt x 214.45813pt.

<pdf.png, id=404, 16.06pt x 16.06pt>
File: pdf.png Graphic file (type png)
 <use pdf.png>
Package pdftex.def Info: pdf.png used on input line 490.
(pdftex.def)             Requested size: 16.05995pt x 16.05995pt.
 [11]
Underfull \vbox (badness 5802) has occurred while \output is active []

 [12 <./samplereceipt.pdf>] <sampleeditform.png, id=427, 983.92593pt x 716.6775
pt>
File: sampleeditform.png Graphic file (type png)

<use sampleeditform.png>
Package pdftex.def Info: sampleeditform.png used on input line 553.
(pdftex.def)             Requested size: 339.72592pt x 247.45085pt.

<sampleshowpage.png, id=428, 983.92593pt x 716.6775pt>
File: sampleshowpage.png Graphic file (type png)

<use sampleshowpage.png>
Package pdftex.def Info: sampleshowpage.png used on input line 560.
(pdftex.def)             Requested size: 271.7835pt x 197.9563pt.
 <sampleresults.png, id=429, 233.37187pt x 313.9228pt>
File: sampleresults.png Graphic file (type png)

<use sampleresults.png>
Package pdftex.def Info: sampleresults.png used on input line 562.
(pdftex.def)             Requested size: 135.89174pt x 182.80344pt.
 <sampleindex.png, id=430, 983.92593pt x 716.6775pt>
File: sampleindex.png Graphic file (type png)

<use sampleindex.png>
Package pdftex.def Info: sampleindex.png used on input line 581.
(pdftex.def)             Requested size: 339.72592pt x 247.45085pt.
 [13 <./userprofile.png> <./pdf.png>]
Overfull \hbox (14.00221pt too wide) in paragraph at lines 601--611
\OT1/ptm/m/n/12 this num-ber is set by a global vari-able, []\OT1/cmtt/m/n/12 I
TEMS_PER_PAGE \OT1/ptm/m/n/12 de-fined in the []\OT1/cmtt/m/n/12 config/environ
ment.rb
 []


Underfull \vbox (badness 1603) has occurred while \output is active []

 [14 <./sampleeditform.png> <./sampleshowpage.png> <./sampleresults.png>]
<searchform.png, id=444, 545.03625pt x 54.2025pt>
File: searchform.png Graphic file (type png)
 <use searchform.png>
Package pdftex.def Info: searchform.png used on input line 614.
(pdftex.def)             Requested size: 339.72592pt x 33.78467pt.
 [15 <./sampleindex.png> <./searchform.png>]
<zebex.png, id=452, 210.03468pt x 249.18094pt>
File: zebex.png Graphic file (type png)
 <use zebex.png>
Package pdftex.def Info: zebex.png used on input line 666.
(pdftex.def)             Requested size: 135.89174pt x 161.22044pt.

<barcodeform.png, id=455, 779.91376pt x 159.59625pt>
File: barcodeform.png Graphic file (type png)
 <use barcodeform.png>
Package pdftex.def Info: barcodeform.png used on input line 692.
(pdftex.def)             Requested size: 339.72592pt x 69.51877pt.

[16 <./zebex.png>] [17 <./barcodeform.png>]
LaTeX Font Info:    Font shape `OT1/ptm/bx/n' in size <8> not available
(Font)              Font shape `OT1/ptm/b/n' tried instead on input line 823.
 [18]
Overfull \hbox (1.29381pt too wide) in paragraph at lines 983--989
[]\OT1/ptm/m/n/12 as its name im-plies con-tains code which \OT1/ptm/m/it/12 co
n-trols \OT1/ptm/m/n/12 the in-ter-face be-tween the database
 []


Overfull \hbox (0.85944pt too wide) in paragraph at lines 999--1003
\OT1/ptm/m/n/12 when sam-ples are up-dated, an email is sent to rel-e-vant user
s. The file []\OT1/cmtt/m/n/12 sample_mailer.rb
 []

[19] [20]
Overfull \hbox (5.63782pt too wide) in paragraph at lines 1072--1076
\OT1/ptm/m/n/12 ma-tion/update no-ti-fi-ca-tions to users. These tem-plates are
 con-tained in the []\OT1/cmtt/m/n/12 sample_mailer
 []

[21] [22]
Overfull \hbox (29.92188pt too wide) in paragraph at lines 1227--1227
[]\OT1/cmtt/m/n/10.95 TEXTILE_QUICK_REF_URL = "http://en.wikipedia.org/wiki/Tex
tile_%28markup_language%29"[] 
 []

[23] [24] [25]
Overfull \hbox (9.1925pt too wide) in paragraph at lines 1361--1370
\OT1/ptm/m/n/12 the web server con-fig-u-ra-tion files. The main con-fig-u-ra-t
ion file is []\OT1/cmtt/m/n/12 /etc/apache2/apache2.conf\OT1/ptm/m/n/12 .
 []


Overfull \hbox (8.5766pt too wide) in paragraph at lines 1385--1393
\OT1/ptm/m/n/12 di-rec-tory []\OT1/cmtt/m/n/12 /etc/apache2/sites-enabled\OT1/p
tm/m/n/12 . []\OT1/cmtt/m/n/12 sites-enabled \OT1/ptm/m/n/12 con-tains a file c
alled []\OT1/cmtt/m/n/12 000-default
 []

[26]
Overfull \hbox (17.83627pt too wide) in paragraph at lines 1404--1408
\OT1/ptm/m/n/12 For vir-tual host-ing to work, any name given to a vir-tual hos
t (e.g. in this case []\OT1/cmtt/m/n/12 crystal.ncl.ac.uk\OT1/ptm/m/n/12 )
 []

LaTeX Font Info:    Font shape `OT1/ptm/bx/it' in size <12> not available
(Font)              Font shape `OT1/ptm/b/it' tried instead on input line 1456.

[27]
Overfull \hbox (1.17844pt too wide) in paragraph at lines 1532--1532
[]\OT1/cmtt/m/n/10.95 CREATE TABLE "samples" ("id" INTEGER PRIMARY KEY AUTOINCR
EMENT NOT NULL, "code"[] 
 []


Overfull \hbox (6.92712pt too wide) in paragraph at lines 1532--1532
[]\OT1/cmtt/m/n/10.95 varchar(255), "cif" varchar(255), "synth" varchar(255), "
coshh_name" varchar(255[] 
 []


Overfull \hbox (6.92712pt too wide) in paragraph at lines 1532--1532
[]\OT1/cmtt/m/n/10.95 ), "coshh_desc" varchar(255), "coshh_info" text, "params"
 varchar(255), "priorit[] 
 []

[28]
Overfull \hbox (6.92712pt too wide) in paragraph at lines 1532--1532
[]\OT1/cmtt/m/n/10.95 y" integer, "powd" boolean, "chiral" boolean, "cost_code"
 varchar(255), "barcode[] 
 []


Overfull \hbox (6.92712pt too wide) in paragraph at lines 1532--1532
[]\OT1/cmtt/m/n/10.95 " varchar(255), "created_at" datetime, "updated_at" datet
ime, "user_id" integer,[] 
 []


Overfull \hbox (6.92712pt too wide) in paragraph at lines 1532--1532
[] \OT1/cmtt/m/n/10.95 "flag_id" integer DEFAULT 1 NOT NULL, "userref" varchar(
255), "zipdata" varchar[] 
 []


Overfull \hbox (6.92712pt too wide) in paragraph at lines 1532--1532
[]\OT1/cmtt/m/n/10.95 (255), "sampleimage" varchar(255), "reference" varchar(25
5), "comments" text, "c[] 
 []


Overfull \hbox (6.92712pt too wide) in paragraph at lines 1558--1558
[]\OT1/cmtt/m/n/10.95 2|jerry.hagon@ncl.ac.uk|$2a$10$V2eSY1MD2dWkIESZ/3mtGe8hYv
VDVkDTDEd4NKqZOQJ3t9wg9[] 
 []


Overfull \hbox (6.92712pt too wide) in paragraph at lines 1558--1558
[]\OT1/cmtt/m/n/10.95 8iFq|hkTD7hHWzEu5ErjSFh2y|2012-02-16 10:19:43.792239||190
|2012-04-06 07:43:02.65[] 
 []


Overfull \hbox (6.92712pt too wide) in paragraph at lines 1558--1558
[]\OT1/cmtt/m/n/10.95 2582|2012-04-04 13:58:26.642714|127.0.0.1|127.0.0.1|2011-
11-06 15:18:43.971379|2[] 
 []


Overfull \hbox (6.92712pt too wide) in paragraph at lines 1580--1580
[]\OT1/cmtt/m/n/10.95 CREATE TABLE "users" ("id" INTEGER PRIMARY KEY AUTOINCREM
ENT NOT NULL, "email" v[] 
 []


Overfull \hbox (6.92712pt too wide) in paragraph at lines 1580--1580
[]\OT1/cmtt/m/n/10.95 archar(255) DEFAULT '' NOT NULL, "encrypted_password" var
char(128) DEFAULT '' NO[] 
 []


Overfull \hbox (1.17844pt too wide) in paragraph at lines 1580--1580
[]\OT1/cmtt/m/n/10.95 T NULL, "reset_password_token" varchar(255), "reset_passw
ord_sent_at" datetime,[] 
 []


Overfull \hbox (6.92712pt too wide) in paragraph at lines 1580--1580
[]\OT1/cmtt/m/n/10.95 "remember_created_at" datetime, "sign_in_count" integer D
EFAULT 0, "current_sign[] 
 []


Overfull \hbox (6.92712pt too wide) in paragraph at lines 1580--1580
[]\OT1/cmtt/m/n/10.95 _in_at" datetime, "last_sign_in_at" datetime, "current_si
gn_in_ip" varchar(255),[] 
 []


Overfull \hbox (6.92712pt too wide) in paragraph at lines 1580--1580
[] \OT1/cmtt/m/n/10.95 "last_sign_in_ip" varchar(255), "created_at" datetime, "
updated_at" datetime, "[] 
 []


Overfull \hbox (6.92712pt too wide) in paragraph at lines 1580--1580
[]\OT1/cmtt/m/n/10.95 group_id" integer, "admin" boolean DEFAULT 'f', "firstnam
e" varchar(255), "lastn[] 
 []


Overfull \hbox (6.92712pt too wide) in paragraph at lines 1580--1580
[]\OT1/cmtt/m/n/10.95 ame" varchar(255), "leader" boolean DEFAULT 'f', "enabled
" boolean DEFAULT 't');[] 
 []


Overfull \hbox (6.92712pt too wide) in paragraph at lines 1580--1580
[]\OT1/cmtt/m/n/10.95 CREATE UNIQUE INDEX "index_users_on_reset_password_token"
 ON "users" ("reset_pas[] 
 []

[29]
Overfull \hbox (6.92712pt too wide) in paragraph at lines 1605--1605
[]\OT1/cmtt/m/n/10.95 2|jerry.hagon@ncl.ac.uk|$2a$10$V2eSY1MD2dWkIESZ/3mtGe8hYv
VDVkDTDEd4NKqZOQJ3t9wg9[] 
 []


Overfull \hbox (6.92712pt too wide) in paragraph at lines 1605--1605
[]\OT1/cmtt/m/n/10.95 8iFq|hkTD7hHWzEu5ErjSFh2y|2012-02-16 10:19:43.792239||190
|2012-04-06 07:43:02.65[] 
 []


Overfull \hbox (6.92712pt too wide) in paragraph at lines 1605--1605
[]\OT1/cmtt/m/n/10.95 2582|2012-04-04 13:58:26.642714|127.0.0.1|127.0.0.1|2011-
11-06 15:18:43.971379|2[] 
 []

<firefoxtools.png, id=563, 982.42032pt x 195.73125pt>
File: firefoxtools.png Graphic file (type png)
 <use firefoxtools.png>
Package pdftex.def Info: firefoxtools.png used on input line 1630.
(pdftex.def)             Requested size: 430.31812pt x 85.73375pt.

<sqlitemanwin.png, id=564, 575.14874pt x 431.36156pt>
File: sqlitemanwin.png Graphic file (type png)
 <use sqlitemanwin.png>
Package pdftex.def Info: sqlitemanwin.png used on input line 1639.
(pdftex.def)             Requested size: 339.72592pt x 254.80388pt.

<sqlitemandat.png, id=567, 761.09344pt x 431.36156pt>
File: sqlitemandat.png Graphic file (type png)
 <use sqlitemandat.png>
Package pdftex.def Info: sqlitemandat.png used on input line 1660.
(pdftex.def)             Requested size: 339.72592pt x 192.55096pt.

[30 <./firefoxtools.png>]
<sqlitemanlist.png, id=574, 761.09344pt x 431.36156pt>
File: sqlitemanlist.png Graphic file (type png)
 <use sqlitemanlist.png>
Package pdftex.def Info: sqlitemanlist.png used on input line 1676.
(pdftex.def)             Requested size: 339.72592pt x 192.55096pt.

<sqlitemanedit.png, id=576, 353.82187pt x 299.61937pt>
File: sqlitemanedit.png Graphic file (type png)
 <use sqlitemanedit.png>
Package pdftex.def Info: sqlitemanedit.png used on input line 1691.
(pdftex.def)             Requested size: 203.83417pt x 172.60896pt.

[31 <./sqlitemanwin.png> <./sqlitemandat.png>]
<github1.png, id=585, 982.42032pt x 716.6775pt>
File: github1.png Graphic file (type png)
 <use github1.png>
Package pdftex.def Info: github1.png used on input line 1721.
(pdftex.def)             Requested size: 339.72592pt x 247.83359pt.
 [32 <./sqlitemanlist.png> <./sqlitemanedit.png>] [33 <./github1.png>]
Overfull \hbox (29.74365pt too wide) in paragraph at lines 1816--1820
[]\OT1/ptm/m/n/12 Change to the di-rec-tory which con-tains the \OT1/ptm/m/it/1
2 Sam-Track \OT1/ptm/m/n/12 ap-pli-ca-tion (usu-ally []\OT1/cmtt/m/n/12 /usr/lo
cal/share\OT1/ptm/m/n/12 )
 []

[34] [35]
Overfull \hbox (1.2735pt too wide) in paragraph at lines 1945--1951
[]\OT1/ptm/m/n/12 a string, au-to-mat-i-cally gen-er-ated by the sys-tem hav-in
g the gen-eral form []\OT1/cmtt/m/n/12 AAA-AA-YY-1111
 []

[36] [37] [38] [39]
\pgf@layerbox@background=\box74
\pgf@layerboxsaved@background=\box75

Underfull \hbox (badness 1173) in paragraph at lines 2353--2353
 [][][][] 
 []


Underfull \hbox (badness 1173) in paragraph at lines 2354--2354
 [][][][] 
 []


Underfull \hbox (badness 1173) in paragraph at lines 2355--2355
 [][][][] 
 []


Underfull \hbox (badness 1173) in paragraph at lines 2356--2356
 [][][][] 
 []


Underfull \hbox (badness 1173) in paragraph at lines 2357--2357
 [][][][] 
 []


Underfull \hbox (badness 1173) in paragraph at lines 2358--2358
 [][][][] 
 []


Underfull \hbox (badness 1173) in paragraph at lines 2359--2359
 [][][][] 
 []


Underfull \hbox (badness 1173) in paragraph at lines 2360--2360
 [][][][] 
 []


Underfull \hbox (badness 1173) in paragraph at lines 2362--2362
 [][][][] 
 []


Underfull \hbox (badness 1173) in paragraph at lines 2363--2363
 [][][][] 
 []


Underfull \hbox (badness 1173) in paragraph at lines 2365--2365
 [][][][] 
 []


Underfull \hbox (badness 1173) in paragraph at lines 2367--2367
 [][][][] 
 []


Underfull \hbox (badness 1173) in paragraph at lines 2368--2368
 [][][][] 
 []


Underfull \hbox (badness 1173) in paragraph at lines 2369--2369
 [][][][] 
 []


Underfull \hbox (badness 1173) in paragraph at lines 2371--2371
 [][][][] 
 []


Underfull \hbox (badness 1173) in paragraph at lines 2372--2372
 [][][][] 
 []


Underfull \hbox (badness 1173) in paragraph at lines 2373--2373
 [][][][] 
 []


Overfull \hbox (5.40602pt too wide) in paragraph at lines 2401--2401
[] [] 
 []

[40] [41]
Underfull \hbox (badness 10000) in paragraph at lines 2415--2416
[]\OT1/ptm/m/it/12 Textile De-scrip-tion\OT1/ptm/m/n/12 , Wikipedia, []$\OT1/cm
tt/m/n/12 http : / / en . wikipedia . org / wiki / Textile[] %
 []

Package atveryend Info: Empty hook `BeforeClearDocument' on input line 2427.
[42]
Package atveryend Info: Empty hook `AfterLastShipout' on input line 2427.
 (./admin_guide.aux)
Package atveryend Info: Executing hook `AtVeryEndDocument' on input line 2427.
Package atveryend Info: Executing hook `AtEndAfterFileList' on input line 2427.

Package rerunfilecheck Info: File `admin_guide.out' has not changed.
(rerunfilecheck)             Checksum: 333E4A93518C0EE0AACDAD15E4527464;3087.
LaTeX Font Warning: Some font shapes were not available, defaults substituted.
Package atveryend Info: Empty hook `AtVeryVeryEnd' on input line 2427.
 ) 
Here is how much of TeX's memory you used:
 20399 strings out of 493633
 378129 string characters out of 3150838
 496633 words of memory out of 3500000
 23112 multiletter control sequences out of 15000+200000
 109956 words of font info for 105 fonts, out of 3000000 for 9000
 831 hyphenation exceptions out of 8191
 56i,22n,62p,465b,2023s stack positions out of 5000i,500n,10000p,200000b,50000s
{/usr/share/texmf/fonts/enc/dvips/base/8r.enc} </var/cache/texmf/fonts/pk/ljf
our/public/cm/cmttb10.720pk></usr/share/texmf/fonts/type1/public/amsfonts/cm/cm
tt10.pfb></usr/share/texmf/fonts/type1/public/amsfonts/cm/cmtt12.pfb></usr/shar
e/texmf/fonts/type1/public/amsfonts/cm/cmtt8.pfb></usr/local/share/texmf/fonts/
type1/pctex/mtpro2/mt2sys.pfb></usr/local/share/texmf/fonts/type1/pctex/mtpro2/
mt2syt.pfb></usr/share/texmf/fonts/type1/urw/helvetic/uhvb8a.pfb></usr/share/te
xmf/fonts/type1/urw/helvetic/uhvbo8a.pfb></usr/share/texmf/fonts/type1/urw/time
s/utmb8a.pfb></usr/share/texmf/fonts/type1/urw/times/utmbi8a.pfb></usr/share/te
xmf/fonts/type1/urw/times/utmr8a.pfb></usr/share/texmf/fonts/type1/urw/times/ut
mr8a.pfb></usr/share/texmf/fonts/type1/urw/times/utmri8a.pfb>
Output written on admin_guide.pdf (42 pages, 2146762 bytes).
PDF statistics:
 776 PDF objects out of 1000 (max. 8388607)
 659 compressed objects within 7 object streams
 168 named destinations out of 1000 (max. 500000)
 487 words of extra memory for PDF output out of 10000 (max. 10000000)

